<?xml version="1.0" encoding="UTF-8"?>
<!-- Generated by org.testng.reporters.JUnitReportReporter -->
<testsuite hostname="DESKTOP-F8EQKJQ" failures="0" tests="1" name="Script.testng" time="5.329" errors="0" timestamp="2022-12-15T00:04:44 IST" skipped="0">
  <testcase classname="Script.testng" name="setup" time="5.329"/>
  <system-out/>
</testsuite> <!-- Script.testng -->
