<?xml version="1.0" encoding="UTF-8"?>
<!-- Generated by org.testng.reporters.JUnitReportReporter -->
<testsuite hostname="DESKTOP-F8EQKJQ" failures="0" tests="2" name="TestNg.Demo1" time="0.016" errors="0" timestamp="2023-05-05T12:51:34 IST" skipped="0">
  <testcase classname="TestNg.Demo1" name="Audi" time="0.015"/>
  <system-out/>
  <testcase classname="TestNg.Demo1" name="Toyota" time="0.001"/>
  <system-out/>
</testsuite> <!-- TestNg.Demo1 -->
