<?xml version="1.0" encoding="UTF-8"?>
<!-- Generated by org.testng.reporters.JUnitReportReporter -->
<testsuite hostname="DESKTOP-F8EQKJQ" failures="0" tests="3" name="Inheritance.Demo" time="0.019" errors="0" timestamp="2023-05-24T13:26:48 IST" skipped="0">
  <testcase classname="Inheritance.Demo" name="Compass" time="0.015"/>
  <system-out/>
  <testcase classname="Inheritance.Demo" name="XC90" time="0.001"/>
  <system-out/>
  <testcase classname="Inheritance.Demo" name="Thar" time="0.003"/>
  <system-out/>
</testsuite> <!-- Inheritance.Demo -->
