<?xml version="1.0" encoding="UTF-8"?>
<!-- Generated by org.testng.reporters.JUnitReportReporter -->
<testsuite hostname="DESKTOP-F8EQKJQ" failures="0" tests="2" name="Practice.DataDriven1" time="5.787" errors="0" timestamp="2023-08-31T11:48:32 IST" skipped="0">
  <testcase classname="Practice.DataDriven1" name="setup" time="3.628"/>
  <system-out/>
  <testcase classname="Practice.DataDriven1" name="setup" time="2.159"/>
  <system-out/>
</testsuite> <!-- Practice.DataDriven1 -->
