<?xml version="1.0" encoding="UTF-8"?>
<!-- Generated by org.testng.reporters.JUnitReportReporter -->
<testsuite hostname="DESKTOP-F8EQKJQ" failures="0" tests="1" name="LivExpertNew.Dashboard" time="5.562" errors="0" timestamp="2023-06-27T19:43:48 IST" skipped="0">
  <testcase classname="LivExpertNew.Dashboard" name="setup" time="5.562"/>
  <system-out/>
</testsuite> <!-- LivExpertNew.Dashboard -->
