<?xml version="1.0" encoding="UTF-8"?>
<!-- Generated by org.testng.reporters.JUnitReportReporter -->
<testsuite hostname="DESKTOP-F8EQKJQ" failures="0" tests="4" name="Demo.TestNg_Annotation" time="0.014" errors="0" timestamp="2023-06-07T15:21:06 IST" skipped="0">
  <testcase classname="Demo.TestNg_Annotation" name="Audi" time="0.001"/>
  <system-out/>
  <testcase classname="Demo.TestNg_Annotation" name="Mahindra" time="0.001"/>
  <system-out/>
  <testcase classname="Demo.TestNg_Annotation" name="BMW" time="0.001"/>
  <system-out/>
  <testcase classname="Demo.TestNg_Annotation" name="Jeep" time="0.011"/>
  <system-out/>
</testsuite> <!-- Demo.TestNg_Annotation -->
