<?xml version="1.0" encoding="UTF-8"?>
<!-- Generated by org.testng.reporters.JUnitReportReporter -->
<testsuite hostname="DESKTOP-F8EQKJQ" failures="0" tests="1" name="Demo.StreamFun" time="0.016" errors="0" timestamp="2023-06-07T15:19:15 IST" skipped="0">
  <testcase classname="Demo.StreamFun" name="test1" time="0.016"/>
  <system-out/>
</testsuite> <!-- Demo.StreamFun -->
