<?xml version="1.0" encoding="UTF-8"?>
<!-- Generated by org.testng.reporters.JUnitReportReporter -->
<testsuite hostname="DESKTOP-F8EQKJQ" failures="0" tests="2" name="Practice.DataDriven2" time="7.729" errors="0" timestamp="2023-08-31T10:45:14 IST" skipped="0">
  <testcase classname="Practice.DataDriven2" name="setup" time="2.187"/>
  <system-out/>
  <testcase classname="Practice.DataDriven2" name="setup" time="5.542"/>
  <system-out/>
</testsuite> <!-- Practice.DataDriven2 -->
