<?xml version="1.0" encoding="UTF-8"?>
<!-- Generated by org.testng.reporters.JUnitReportReporter -->
<testsuite hostname="DESKTOP-F8EQKJQ" failures="0" tests="2" name="ParallelTest.Demo1" time="5.606" errors="0" timestamp="2023-08-31T15:59:40 IST" skipped="0">
  <testcase classname="ParallelTest.Demo1" name="info1" time="2.388"/>
  <system-out/>
  <testcase classname="ParallelTest.Demo1" name="info" time="3.218"/>
  <system-out/>
</testsuite> <!-- ParallelTest.Demo1 -->
