<?xml version="1.0" encoding="UTF-8"?>
<!-- Generated by org.testng.reporters.JUnitReportReporter -->
<testsuite hostname="DESKTOP-F8EQKJQ" failures="0" tests="5" name="Inheritance.Demo1" time="0.026" errors="0" timestamp="2023-05-24T15:38:21 IST" skipped="0">
  <testcase classname="Inheritance.Demo1" name="Thar" time="0.002"/>
  <system-out/>
  <testcase classname="Inheritance.Demo1" name="XC90" time="0.002"/>
  <system-out/>
  <testcase classname="Inheritance.Demo1" name="Compass" time="0.019"/>
  <system-out/>
  <testcase classname="Inheritance.Demo1" name="Q7" time="0.001"/>
  <system-out/>
  <testcase classname="Inheritance.Demo1" name="Fpace" time="0.002"/>
  <system-out/>
</testsuite> <!-- Inheritance.Demo1 -->
