<?xml version="1.0" encoding="UTF-8"?>
<!-- Generated by org.testng.reporters.JUnitReportReporter -->
<testsuite hostname="DESKTOP-F8EQKJQ" failures="0" tests="1" name="Hafele.Cross_Browser" time="4.878" errors="0" timestamp="2023-03-17T09:50:27 IST" skipped="0">
  <testcase classname="Hafele.Cross_Browser" name="setup" time="4.878"/>
  <system-out/>
</testsuite> <!-- Hafele.Cross_Browser -->
