<?xml version="1.0" encoding="UTF-8"?>
<!-- Generated by org.testng.reporters.JUnitReportReporter -->
<testsuite hostname="DESKTOP-F8EQKJQ" failures="0" tests="2" name="TestNg.Demo" time="0.013" errors="0" timestamp="2023-05-05T12:51:34 IST" skipped="0">
  <testcase classname="TestNg.Demo" name="Mahindra" time="0.002"/>
  <system-out/>
  <testcase classname="TestNg.Demo" name="Jeep" time="0.011"/>
  <system-out/>
</testsuite> <!-- TestNg.Demo -->
