<?xml version="1.0" encoding="UTF-8"?>
<!-- Generated by org.testng.reporters.JUnitReportReporter -->
<testsuite hostname="DESKTOP-F8EQKJQ" failures="0" tests="2" name="ParallelTest.Demo" time="6.393" errors="0" timestamp="2023-08-31T15:59:40 IST" skipped="0">
  <testcase classname="ParallelTest.Demo" name="data" time="4.109"/>
  <system-out/>
  <testcase classname="ParallelTest.Demo" name="data1" time="2.284"/>
  <system-out/>
</testsuite> <!-- ParallelTest.Demo -->
