<?xml version="1.0" encoding="UTF-8"?>
<!-- Generated by org.testng.reporters.JUnitReportReporter -->
<testsuite hostname="DESKTOP-F8EQKJQ" failures="0" tests="1" name="CrossBrowserTest.Browser" time="2.623" errors="0" timestamp="2023-09-01T10:04:31 IST" skipped="0">
  <testcase classname="CrossBrowserTest.Browser" name="chrome" time="2.623"/>
  <system-out/>
</testsuite> <!-- CrossBrowserTest.Browser -->
